[2026-01-26 16:24:57,795] 62 dagshub - INFO - Repository initialized!
[2026-01-26 16:24:57,796] 17 root - INFO - initiate the data ingestion
[2026-01-26 16:25:50,187] 74 root - INFO - performed train test split on dataframe
[2026-01-26 16:25:50,187] 75 root - INFO - Exited split_data_as_train_test method of data_ingestion class
[2026-01-26 16:25:50,188] 80 root - INFO - Exporting train and test file path.
[2026-01-26 16:25:50,411] 88 root - INFO - Exporting train and test file path.
[2026-01-26 16:25:50,412] 19 root - INFO - data initiation completed
[2026-01-26 16:25:50,424] 24 root - INFO - initiate the data validation
[2026-01-26 16:25:50,620] 33 root - INFO - required number of columns:2
[2026-01-26 16:25:50,623] 34 root - INFO - dtaframe has columns:Index(['having_IP_Address', 'URL_Length', 'Shortining_Service',
       'having_At_Symbol', 'double_slash_redirecting', 'Prefix_Suffix',
       'having_Sub_Domain', 'SSLfinal_State', 'Domain_registeration_length',
       'Favicon', 'port', 'HTTPS_token', 'Request_URL', 'URL_of_Anchor',
       'Links_in_tags', 'SFH', 'Submitting_to_email', 'Abnormal_URL',
       'Redirect', 'on_mouseover', 'RightClick', 'popUpWidnow', 'Iframe',
       'age_of_domain', 'DNSRecord', 'web_traffic', 'Page_Rank',
       'Google_Index', 'Links_pointing_to_page', 'Statistical_report',
       'Result'],
      dtype='object')
[2026-01-26 16:25:50,623] 33 root - INFO - required number of columns:2
[2026-01-26 16:25:50,623] 34 root - INFO - dtaframe has columns:Index(['having_IP_Address', 'URL_Length', 'Shortining_Service',
       'having_At_Symbol', 'double_slash_redirecting', 'Prefix_Suffix',
       'having_Sub_Domain', 'SSLfinal_State', 'Domain_registeration_length',
       'Favicon', 'port', 'HTTPS_token', 'Request_URL', 'URL_of_Anchor',
       'Links_in_tags', 'SFH', 'Submitting_to_email', 'Abnormal_URL',
       'Redirect', 'on_mouseover', 'RightClick', 'popUpWidnow', 'Iframe',
       'age_of_domain', 'DNSRecord', 'web_traffic', 'Page_Rank',
       'Google_Index', 'Links_pointing_to_page', 'Statistical_report',
       'Result'],
      dtype='object')
[2026-01-26 16:25:51,365] 26 root - INFO - data validation completed
[2026-01-26 16:25:51,365] 30 root - INFO - initiate the data transformation
[2026-01-26 16:25:51,366] 56 root - INFO - entered initiate data transformation method of datatransformation class
[2026-01-26 16:25:51,366] 58 root - INFO - datatransformation started
[2026-01-26 16:25:51,510] 44 root - INFO - Entered get_data_trnasformer_object method of Trnasformation class
[2026-01-26 16:25:51,510] 48 root - INFO - Initialise KNNImputer with {'missing_values': nan, 'n_neighbors': 3, 'weights': 'uniform'}
[2026-01-26 16:25:51,536] 48 root - INFO - Entered the save_object method of MainUtils class
[2026-01-26 16:25:51,539] 52 root - INFO - Exited the save_object method of MainUtils class
[2026-01-26 16:25:51,541] 48 root - INFO - Entered the save_object method of MainUtils class
[2026-01-26 16:25:51,546] 52 root - INFO - Exited the save_object method of MainUtils class
[2026-01-26 16:25:51,550] 33 root - INFO - data transformation completed
[2026-01-26 16:25:51,552] 39 root - INFO - Model Training sstared
[2026-01-26 16:34:47,816] 48 root - INFO - Entered the save_object method of MainUtils class
[2026-01-26 16:34:47,818] 52 root - INFO - Exited the save_object method of MainUtils class
[2026-01-26 16:34:47,818] 48 root - INFO - Entered the save_object method of MainUtils class
[2026-01-26 16:34:47,820] 52 root - INFO - Exited the save_object method of MainUtils class
[2026-01-26 16:34:47,821] 135 root - INFO - Model trainer artifact: ModelTrainerArtifact(trained_model_file_path='Artifacts\\01_26_2026_16_24_17\\model_trainer\\trained_model\\model.pkl', train_metric_artifact=ClassificationMetricArtifact(f1_score=0.9911204500779502, precision_score=0.9899126667118001, recall_score=0.9923311842551747), test_metric_artifact=ClassificationMetricArtifact(f1_score=0.9881031947600588, precision_score=0.9869158878504672, recall_score=0.9892933618843683))
[2026-01-26 16:34:47,822] 44 root - INFO - Model Training artifact created
