[2026-01-26 15:32:45,908] 17 root - INFO - initiate the data ingestion
[2026-01-26 15:33:31,845] 74 root - INFO - performed train test split on dataframe
[2026-01-26 15:33:31,845] 75 root - INFO - Exited split_data_as_train_test method of data_ingestion class
[2026-01-26 15:33:31,846] 80 root - INFO - Exporting train and test file path.
[2026-01-26 15:33:31,979] 88 root - INFO - Exporting train and test file path.
[2026-01-26 15:33:31,980] 19 root - INFO - data initiation completed
[2026-01-26 15:33:31,987] 24 root - INFO - initiate the data validation
[2026-01-26 15:33:32,124] 33 root - INFO - required number of columns:2
[2026-01-26 15:33:32,125] 34 root - INFO - dtaframe has columns:Index(['having_IP_Address', 'URL_Length', 'Shortining_Service',
       'having_At_Symbol', 'double_slash_redirecting', 'Prefix_Suffix',
       'having_Sub_Domain', 'SSLfinal_State', 'Domain_registeration_length',
       'Favicon', 'port', 'HTTPS_token', 'Request_URL', 'URL_of_Anchor',
       'Links_in_tags', 'SFH', 'Submitting_to_email', 'Abnormal_URL',
       'Redirect', 'on_mouseover', 'RightClick', 'popUpWidnow', 'Iframe',
       'age_of_domain', 'DNSRecord', 'web_traffic', 'Page_Rank',
       'Google_Index', 'Links_pointing_to_page', 'Statistical_report',
       'Result'],
      dtype='object')
[2026-01-26 15:33:32,127] 33 root - INFO - required number of columns:2
[2026-01-26 15:33:32,127] 34 root - INFO - dtaframe has columns:Index(['having_IP_Address', 'URL_Length', 'Shortining_Service',
       'having_At_Symbol', 'double_slash_redirecting', 'Prefix_Suffix',
       'having_Sub_Domain', 'SSLfinal_State', 'Domain_registeration_length',
       'Favicon', 'port', 'HTTPS_token', 'Request_URL', 'URL_of_Anchor',
       'Links_in_tags', 'SFH', 'Submitting_to_email', 'Abnormal_URL',
       'Redirect', 'on_mouseover', 'RightClick', 'popUpWidnow', 'Iframe',
       'age_of_domain', 'DNSRecord', 'web_traffic', 'Page_Rank',
       'Google_Index', 'Links_pointing_to_page', 'Statistical_report',
       'Result'],
      dtype='object')
[2026-01-26 15:33:32,392] 26 root - INFO - data validation completed
[2026-01-26 15:33:32,392] 30 root - INFO - initiate the data transformation
[2026-01-26 15:33:32,392] 56 root - INFO - entered initiate data transformation method of datatransformation class
[2026-01-26 15:33:32,392] 58 root - INFO - datatransformation started
[2026-01-26 15:33:32,454] 44 root - INFO - Entered get_data_trnasformer_object method of Trnasformation class
[2026-01-26 15:33:32,454] 48 root - INFO - Initialise KNNImputer with {'missing_values': nan, 'n_neighbors': 3, 'weights': 'uniform'}
[2026-01-26 15:33:32,470] 48 root - INFO - Entered the save_object method of MainUtils class
[2026-01-26 15:33:32,471] 52 root - INFO - Exited the save_object method of MainUtils class
[2026-01-26 15:33:32,471] 48 root - INFO - Entered the save_object method of MainUtils class
[2026-01-26 15:33:32,473] 52 root - INFO - Exited the save_object method of MainUtils class
[2026-01-26 15:33:32,475] 33 root - INFO - data transformation completed
[2026-01-26 15:33:32,475] 39 root - INFO - Model Training sstared
[2026-01-26 15:40:34,419] 48 root - INFO - Entered the save_object method of MainUtils class
[2026-01-26 15:40:34,420] 52 root - INFO - Exited the save_object method of MainUtils class
[2026-01-26 15:40:34,420] 48 root - INFO - Entered the save_object method of MainUtils class
[2026-01-26 15:40:34,437] 52 root - INFO - Exited the save_object method of MainUtils class
[2026-01-26 15:40:34,437] 133 root - INFO - Model trainer artifact: ModelTrainerArtifact(trained_model_file_path='Artifacts\\01_26_2026_15_32_43\\model_trainer\\trained_model\\model.pkl', train_metric_artifact=ClassificationMetricArtifact(f1_score=0.9909451622749008, precision_score=0.9890333062550771, recall_score=0.9928644240570846), test_metric_artifact=ClassificationMetricArtifact(f1_score=0.9892387405340773, precision_score=0.9872712808273667, recall_score=0.9912140575079872))
[2026-01-26 15:40:34,437] 44 root - INFO - Model Training artifact created
