[2026-01-26 15:52:24,342] 17 root - INFO - initiate the data ingestion
[2026-01-26 15:53:05,843] 74 root - INFO - performed train test split on dataframe
[2026-01-26 15:53:05,843] 75 root - INFO - Exited split_data_as_train_test method of data_ingestion class
[2026-01-26 15:53:05,843] 80 root - INFO - Exporting train and test file path.
[2026-01-26 15:53:05,967] 88 root - INFO - Exporting train and test file path.
[2026-01-26 15:53:05,968] 19 root - INFO - data initiation completed
[2026-01-26 15:53:05,977] 24 root - INFO - initiate the data validation
[2026-01-26 15:53:06,109] 33 root - INFO - required number of columns:2
[2026-01-26 15:53:06,109] 34 root - INFO - dtaframe has columns:Index(['having_IP_Address', 'URL_Length', 'Shortining_Service',
       'having_At_Symbol', 'double_slash_redirecting', 'Prefix_Suffix',
       'having_Sub_Domain', 'SSLfinal_State', 'Domain_registeration_length',
       'Favicon', 'port', 'HTTPS_token', 'Request_URL', 'URL_of_Anchor',
       'Links_in_tags', 'SFH', 'Submitting_to_email', 'Abnormal_URL',
       'Redirect', 'on_mouseover', 'RightClick', 'popUpWidnow', 'Iframe',
       'age_of_domain', 'DNSRecord', 'web_traffic', 'Page_Rank',
       'Google_Index', 'Links_pointing_to_page', 'Statistical_report',
       'Result'],
      dtype='object')
[2026-01-26 15:53:06,111] 33 root - INFO - required number of columns:2
[2026-01-26 15:53:06,111] 34 root - INFO - dtaframe has columns:Index(['having_IP_Address', 'URL_Length', 'Shortining_Service',
       'having_At_Symbol', 'double_slash_redirecting', 'Prefix_Suffix',
       'having_Sub_Domain', 'SSLfinal_State', 'Domain_registeration_length',
       'Favicon', 'port', 'HTTPS_token', 'Request_URL', 'URL_of_Anchor',
       'Links_in_tags', 'SFH', 'Submitting_to_email', 'Abnormal_URL',
       'Redirect', 'on_mouseover', 'RightClick', 'popUpWidnow', 'Iframe',
       'age_of_domain', 'DNSRecord', 'web_traffic', 'Page_Rank',
       'Google_Index', 'Links_pointing_to_page', 'Statistical_report',
       'Result'],
      dtype='object')
[2026-01-26 15:53:06,409] 26 root - INFO - data validation completed
[2026-01-26 15:53:06,410] 30 root - INFO - initiate the data transformation
[2026-01-26 15:53:06,410] 56 root - INFO - entered initiate data transformation method of datatransformation class
[2026-01-26 15:53:06,410] 58 root - INFO - datatransformation started
[2026-01-26 15:53:06,477] 44 root - INFO - Entered get_data_trnasformer_object method of Trnasformation class
[2026-01-26 15:53:06,477] 48 root - INFO - Initialise KNNImputer with {'missing_values': nan, 'n_neighbors': 3, 'weights': 'uniform'}
[2026-01-26 15:53:06,495] 48 root - INFO - Entered the save_object method of MainUtils class
[2026-01-26 15:53:06,497] 52 root - INFO - Exited the save_object method of MainUtils class
[2026-01-26 15:53:06,497] 48 root - INFO - Entered the save_object method of MainUtils class
[2026-01-26 15:53:06,498] 52 root - INFO - Exited the save_object method of MainUtils class
[2026-01-26 15:53:06,500] 33 root - INFO - data transformation completed
[2026-01-26 15:53:06,501] 39 root - INFO - Model Training sstared
[2026-01-26 16:01:38,145] 48 root - INFO - Entered the save_object method of MainUtils class
[2026-01-26 16:01:38,145] 52 root - INFO - Exited the save_object method of MainUtils class
[2026-01-26 16:01:38,145] 48 root - INFO - Entered the save_object method of MainUtils class
[2026-01-26 16:01:38,168] 52 root - INFO - Exited the save_object method of MainUtils class
[2026-01-26 16:01:38,168] 133 root - INFO - Model trainer artifact: ModelTrainerArtifact(trained_model_file_path='Artifacts\\01_26_2026_15_52_21\\model_trainer\\trained_model\\model.pkl', train_metric_artifact=ClassificationMetricArtifact(f1_score=0.990766733182264, precision_score=0.9900635392726781, recall_score=0.9914709266905841), test_metric_artifact=ClassificationMetricArtifact(f1_score=0.9898717083051992, precision_score=0.9886700836255733, recall_score=0.9910762574364521))
[2026-01-26 16:01:38,168] 44 root - INFO - Model Training artifact created
