[2026-01-26 15:23:04,814] 17 root - INFO - initiate the data ingestion
[2026-01-26 15:23:56,400] 74 root - INFO - performed train test split on dataframe
[2026-01-26 15:23:56,400] 75 root - INFO - Exited split_data_as_train_test method of data_ingestion class
[2026-01-26 15:23:56,401] 80 root - INFO - Exporting train and test file path.
[2026-01-26 15:23:56,523] 88 root - INFO - Exporting train and test file path.
[2026-01-26 15:23:56,524] 19 root - INFO - data initiation completed
[2026-01-26 15:23:56,532] 24 root - INFO - initiate the data validation
[2026-01-26 15:23:56,671] 33 root - INFO - required number of columns:2
[2026-01-26 15:23:56,671] 34 root - INFO - dtaframe has columns:Index(['having_IP_Address', 'URL_Length', 'Shortining_Service',
       'having_At_Symbol', 'double_slash_redirecting', 'Prefix_Suffix',
       'having_Sub_Domain', 'SSLfinal_State', 'Domain_registeration_length',
       'Favicon', 'port', 'HTTPS_token', 'Request_URL', 'URL_of_Anchor',
       'Links_in_tags', 'SFH', 'Submitting_to_email', 'Abnormal_URL',
       'Redirect', 'on_mouseover', 'RightClick', 'popUpWidnow', 'Iframe',
       'age_of_domain', 'DNSRecord', 'web_traffic', 'Page_Rank',
       'Google_Index', 'Links_pointing_to_page', 'Statistical_report',
       'Result'],
      dtype='object')
[2026-01-26 15:23:56,673] 33 root - INFO - required number of columns:2
[2026-01-26 15:23:56,673] 34 root - INFO - dtaframe has columns:Index(['having_IP_Address', 'URL_Length', 'Shortining_Service',
       'having_At_Symbol', 'double_slash_redirecting', 'Prefix_Suffix',
       'having_Sub_Domain', 'SSLfinal_State', 'Domain_registeration_length',
       'Favicon', 'port', 'HTTPS_token', 'Request_URL', 'URL_of_Anchor',
       'Links_in_tags', 'SFH', 'Submitting_to_email', 'Abnormal_URL',
       'Redirect', 'on_mouseover', 'RightClick', 'popUpWidnow', 'Iframe',
       'age_of_domain', 'DNSRecord', 'web_traffic', 'Page_Rank',
       'Google_Index', 'Links_pointing_to_page', 'Statistical_report',
       'Result'],
      dtype='object')
[2026-01-26 15:23:56,962] 26 root - INFO - data validation completed
[2026-01-26 15:23:56,963] 30 root - INFO - initiate the data transformation
[2026-01-26 15:23:56,963] 56 root - INFO - entered initiate data transformation method of datatransformation class
[2026-01-26 15:23:56,963] 58 root - INFO - datatransformation started
[2026-01-26 15:23:57,032] 44 root - INFO - Entered get_data_trnasformer_object method of Trnasformation class
[2026-01-26 15:23:57,033] 48 root - INFO - Initialise KNNImputer with {'missing_values': nan, 'n_neighbors': 3, 'weights': 'uniform'}
[2026-01-26 15:23:57,050] 48 root - INFO - Entered the save_object method of MainUtils class
[2026-01-26 15:23:57,053] 52 root - INFO - Exited the save_object method of MainUtils class
[2026-01-26 15:23:57,053] 48 root - INFO - Entered the save_object method of MainUtils class
[2026-01-26 15:23:57,054] 52 root - INFO - Exited the save_object method of MainUtils class
[2026-01-26 15:23:57,056] 33 root - INFO - data transformation completed
[2026-01-26 15:23:57,057] 39 root - INFO - Model Training sstared
